117.04.19 15:02 A C:\Users\МакаренкоАА\Documents\ws_ftp\backup\main.ed\ispplib\HSMSOPER <-- ED01a09 'ED.ISPPLIB' HSMSOPER
117.04.19 15:02 A C:\Users\МакаренкоАА\Documents\ws_ftp\backup\main.ed\ispplib\SMSOPER <-- ED01a09 'ED.ISPPLIB' SMSOPER
117.04.19 15:02 A C:\Users\МакаренкоАА\Documents\ws_ftp\backup\main.ed\ispplib\HSMSADD <-- ED01a09 'D.SYSTEM.A09.PANEL' HSMSADD
117.04.19 15:02 A C:\Users\МакаренкоАА\Documents\ws_ftp\backup\main.ed\ispplib\HSMSOPER <-- ED01a09 'D.SYSTEM.A09.PANEL' HSMSOPER
117.04.19 15:02 A C:\Users\МакаренкоАА\Documents\ws_ftp\backup\main.ed\ispplib\HSMSTAT <-- ED01a09 'D.SYSTEM.A09.PANEL' HSMSTAT
117.04.19 15:02 A C:\Users\МакаренкоАА\Documents\ws_ftp\backup\main.ed\ispplib\HSMSVOL <-- ED01a09 'D.SYSTEM.A09.PANEL' HSMSVOL
117.04.19 15:02 A C:\Users\МакаренкоАА\Documents\ws_ftp\backup\main.ed\ispplib\PANEL0 <-- ED01a09 'D.SYSTEM.A09.PANEL' PANEL0
117.04.19 15:02 A C:\Users\МакаренкоАА\Documents\ws_ftp\backup\main.ed\ispplib\PANEL1    <-- ED01a09 'D.SYSTEM.A09.PANEL' PANEL1   
117.04.19 15:02 A C:\Users\МакаренкоАА\Documents\ws_ftp\backup\main.ed\ispplib\SCTHELP <-- ED01a09 'D.SYSTEM.A09.PANEL' SCTHELP
117.04.19 15:02 A C:\Users\МакаренкоАА\Documents\ws_ftp\backup\main.ed\ispplib\SMSADD    <-- ED01a09 'D.SYSTEM.A09.PANEL' SMSADD   
117.04.19 15:02 A C:\Users\МакаренкоАА\Documents\ws_ftp\backup\main.ed\ispplib\SMSADDB <-- ED01a09 'D.SYSTEM.A09.PANEL' SMSADDB
117.04.19 15:02 A C:\Users\МакаренкоАА\Documents\ws_ftp\backup\main.ed\ispplib\SMSD <-- ED01a09 'D.SYSTEM.A09.PANEL' SMSD
117.04.19 15:02 A C:\Users\МакаренкоАА\Documents\ws_ftp\backup\main.ed\ispplib\SMSOPER <-- ED01a09 'D.SYSTEM.A09.PANEL' SMSOPER
117.04.19 15:02 A C:\Users\МакаренкоАА\Documents\ws_ftp\backup\main.ed\ispplib\SMSTAT    <-- ED01a09 'D.SYSTEM.A09.PANEL' SMSTAT   
117.04.19 15:02 A C:\Users\МакаренкоАА\Documents\ws_ftp\backup\main.ed\ispplib\SMSTATB <-- ED01a09 'D.SYSTEM.A09.PANEL' SMSTATB
117.04.19 15:02 A C:\Users\МакаренкоАА\Documents\ws_ftp\backup\main.ed\ispplib\SMSTATBV <-- ED01a09 'D.SYSTEM.A09.PANEL' SMSTATBV
117.04.19 15:02 A C:\Users\МакаренкоАА\Documents\ws_ftp\backup\main.ed\ispplib\SMSTATC <-- ED01a09 'D.SYSTEM.A09.PANEL' SMSTATC
117.04.19 15:02 A C:\Users\МакаренкоАА\Documents\ws_ftp\backup\main.ed\ispplib\SMSTATD <-- ED01a09 'D.SYSTEM.A09.PANEL' SMSTATD
117.04.19 15:02 A C:\Users\МакаренкоАА\Documents\ws_ftp\backup\main.ed\ispplib\SMSTATE <-- ED01a09 'D.SYSTEM.A09.PANEL' SMSTATE
117.04.19 15:02 A C:\Users\МакаренкоАА\Documents\ws_ftp\backup\main.ed\ispplib\SMSTATF <-- ED01a09 'D.SYSTEM.A09.PANEL' SMSTATF
117.04.19 15:02 A C:\Users\МакаренкоАА\Documents\ws_ftp\backup\main.ed\ispplib\SMSVOL    <-- ED01a09 'D.SYSTEM.A09.PANEL' SMSVOL   
117.05.16 09:54 A C:\Users\МакаренкоАА\Documents\ws_ftp\backup\main.ed\ispplib\HSMSADD <-- ED01a09 'D.SYSTEM.A09.PANEL' HSMSADD
117.05.16 09:54 A C:\Users\МакаренкоАА\Documents\ws_ftp\backup\main.ed\ispplib\HSMSOPER <-- ED01a09 'D.SYSTEM.A09.PANEL' HSMSOPER
117.05.16 09:54 A C:\Users\МакаренкоАА\Documents\ws_ftp\backup\main.ed\ispplib\HSMSTAT <-- ED01a09 'D.SYSTEM.A09.PANEL' HSMSTAT
117.05.16 09:54 A C:\Users\МакаренкоАА\Documents\ws_ftp\backup\main.ed\ispplib\HSMSVOL <-- ED01a09 'D.SYSTEM.A09.PANEL' HSMSVOL
117.05.16 09:54 A C:\Users\МакаренкоАА\Documents\ws_ftp\backup\main.ed\ispplib\PANEL0 <-- ED01a09 'D.SYSTEM.A09.PANEL' PANEL0
117.05.16 09:54 A C:\Users\МакаренкоАА\Documents\ws_ftp\backup\main.ed\ispplib\PANEL01 <-- ED01a09 'D.SYSTEM.A09.PANEL' PANEL01
117.05.16 09:54 A C:\Users\МакаренкоАА\Documents\ws_ftp\backup\main.ed\ispplib\PANEL1    <-- ED01a09 'D.SYSTEM.A09.PANEL' PANEL1   
117.05.16 09:54 A C:\Users\МакаренкоАА\Documents\ws_ftp\backup\main.ed\ispplib\PANEL2 <-- ED01a09 'D.SYSTEM.A09.PANEL' PANEL2
117.05.16 09:54 A C:\Users\МакаренкоАА\Documents\ws_ftp\backup\main.ed\ispplib\PANTEST <-- ED01a09 'D.SYSTEM.A09.PANEL' PANTEST
117.05.16 09:54 A C:\Users\МакаренкоАА\Documents\ws_ftp\backup\main.ed\ispplib\SCTHELP <-- ED01a09 'D.SYSTEM.A09.PANEL' SCTHELP
117.05.16 09:54 A C:\Users\МакаренкоАА\Documents\ws_ftp\backup\main.ed\ispplib\SMSADD    <-- ED01a09 'D.SYSTEM.A09.PANEL' SMSADD   
117.05.16 09:54 A C:\Users\МакаренкоАА\Documents\ws_ftp\backup\main.ed\ispplib\SMSADDB <-- ED01a09 'D.SYSTEM.A09.PANEL' SMSADDB
117.05.16 09:54 A C:\Users\МакаренкоАА\Documents\ws_ftp\backup\main.ed\ispplib\SMSD <-- ED01a09 'D.SYSTEM.A09.PANEL' SMSD
117.05.16 09:54 A C:\Users\МакаренкоАА\Documents\ws_ftp\backup\main.ed\ispplib\SMSOPER <-- ED01a09 'D.SYSTEM.A09.PANEL' SMSOPER
117.05.16 09:54 A C:\Users\МакаренкоАА\Documents\ws_ftp\backup\main.ed\ispplib\SMSTAT    <-- ED01a09 'D.SYSTEM.A09.PANEL' SMSTAT   
117.05.16 09:54 A C:\Users\МакаренкоАА\Documents\ws_ftp\backup\main.ed\ispplib\SMSTATB <-- ED01a09 'D.SYSTEM.A09.PANEL' SMSTATB
117.05.16 09:54 A C:\Users\МакаренкоАА\Documents\ws_ftp\backup\main.ed\ispplib\SMSTATBV <-- ED01a09 'D.SYSTEM.A09.PANEL' SMSTATBV
117.05.16 09:54 A C:\Users\МакаренкоАА\Documents\ws_ftp\backup\main.ed\ispplib\SMSTATC <-- ED01a09 'D.SYSTEM.A09.PANEL' SMSTATC
117.05.16 09:54 A C:\Users\МакаренкоАА\Documents\ws_ftp\backup\main.ed\ispplib\SMSTATD <-- ED01a09 'D.SYSTEM.A09.PANEL' SMSTATD
117.05.16 09:54 A C:\Users\МакаренкоАА\Documents\ws_ftp\backup\main.ed\ispplib\SMSTATE <-- ED01a09 'D.SYSTEM.A09.PANEL' SMSTATE
117.05.16 09:54 A C:\Users\МакаренкоАА\Documents\ws_ftp\backup\main.ed\ispplib\SMSTATF <-- ED01a09 'D.SYSTEM.A09.PANEL' SMSTATF
117.05.16 09:54 A C:\Users\МакаренкоАА\Documents\ws_ftp\backup\main.ed\ispplib\SMSVOL    <-- ED01a09 'D.SYSTEM.A09.PANEL' SMSVOL   
117.05.16 11:06 A C:\Users\МакаренкоАА\Documents\ws_ftp\backup\main.ed\ispplib\HSMSADD <-- ED01a09 'D.SYSTEM.A09.PANEL' HSMSADD
117.05.16 11:06 A C:\Users\МакаренкоАА\Documents\ws_ftp\backup\main.ed\ispplib\HSMSOPER <-- ED01a09 'D.SYSTEM.A09.PANEL' HSMSOPER
117.05.16 11:06 A C:\Users\МакаренкоАА\Documents\ws_ftp\backup\main.ed\ispplib\HSMSTAT <-- ED01a09 'D.SYSTEM.A09.PANEL' HSMSTAT
117.05.16 11:06 A C:\Users\МакаренкоАА\Documents\ws_ftp\backup\main.ed\ispplib\HSMSVOL <-- ED01a09 'D.SYSTEM.A09.PANEL' HSMSVOL
117.05.16 11:06 A C:\Users\МакаренкоАА\Documents\ws_ftp\backup\main.ed\ispplib\PANEL0 <-- ED01a09 'D.SYSTEM.A09.PANEL' PANEL0
117.05.16 11:06 A C:\Users\МакаренкоАА\Documents\ws_ftp\backup\main.ed\ispplib\PANEL01 <-- ED01a09 'D.SYSTEM.A09.PANEL' PANEL01
117.05.16 11:06 A C:\Users\МакаренкоАА\Documents\ws_ftp\backup\main.ed\ispplib\PANEL1    <-- ED01a09 'D.SYSTEM.A09.PANEL' PANEL1   
117.05.16 11:06 A C:\Users\МакаренкоАА\Documents\ws_ftp\backup\main.ed\ispplib\PANEL2 <-- ED01a09 'D.SYSTEM.A09.PANEL' PANEL2
117.05.16 11:06 A C:\Users\МакаренкоАА\Documents\ws_ftp\backup\main.ed\ispplib\PANTEST <-- ED01a09 'D.SYSTEM.A09.PANEL' PANTEST
117.05.16 11:06 A C:\Users\МакаренкоАА\Documents\ws_ftp\backup\main.ed\ispplib\SCTHELP <-- ED01a09 'D.SYSTEM.A09.PANEL' SCTHELP
117.05.16 11:06 A C:\Users\МакаренкоАА\Documents\ws_ftp\backup\main.ed\ispplib\SMSADD    <-- ED01a09 'D.SYSTEM.A09.PANEL' SMSADD   
117.05.16 11:06 A C:\Users\МакаренкоАА\Documents\ws_ftp\backup\main.ed\ispplib\SMSADDB <-- ED01a09 'D.SYSTEM.A09.PANEL' SMSADDB
117.05.16 11:06 A C:\Users\МакаренкоАА\Documents\ws_ftp\backup\main.ed\ispplib\SMSD <-- ED01a09 'D.SYSTEM.A09.PANEL' SMSD
117.05.16 11:06 A C:\Users\МакаренкоАА\Documents\ws_ftp\backup\main.ed\ispplib\SMSOPER <-- ED01a09 'D.SYSTEM.A09.PANEL' SMSOPER
117.05.16 11:06 A C:\Users\МакаренкоАА\Documents\ws_ftp\backup\main.ed\ispplib\SMSTAT    <-- ED01a09 'D.SYSTEM.A09.PANEL' SMSTAT   
117.05.16 11:06 A C:\Users\МакаренкоАА\Documents\ws_ftp\backup\main.ed\ispplib\SMSTATB <-- ED01a09 'D.SYSTEM.A09.PANEL' SMSTATB
117.05.16 11:06 A C:\Users\МакаренкоАА\Documents\ws_ftp\backup\main.ed\ispplib\SMSTATBV <-- ED01a09 'D.SYSTEM.A09.PANEL' SMSTATBV
117.05.16 11:06 A C:\Users\МакаренкоАА\Documents\ws_ftp\backup\main.ed\ispplib\SMSTATC <-- ED01a09 'D.SYSTEM.A09.PANEL' SMSTATC
117.05.16 11:06 A C:\Users\МакаренкоАА\Documents\ws_ftp\backup\main.ed\ispplib\SMSTATD <-- ED01a09 'D.SYSTEM.A09.PANEL' SMSTATD
117.05.16 11:06 A C:\Users\МакаренкоАА\Documents\ws_ftp\backup\main.ed\ispplib\SMSTATE <-- ED01a09 'D.SYSTEM.A09.PANEL' SMSTATE
117.05.16 11:06 A C:\Users\МакаренкоАА\Documents\ws_ftp\backup\main.ed\ispplib\SMSTATF <-- ED01a09 'D.SYSTEM.A09.PANEL' SMSTATF
117.05.16 11:06 A C:\Users\МакаренкоАА\Documents\ws_ftp\backup\main.ed\ispplib\SMSVOL    <-- ED01a09 'D.SYSTEM.A09.PANEL' SMSVOL   
117.05.16 11:06 A C:\Users\МакаренкоАА\Documents\ws_ftp\backup\main.ed\ispplib\TBLXMPL <-- ED01a09 'D.SYSTEM.A09.PANEL' TBLXMPL
117.05.16 12:11 A C:\Users\МакаренкоАА\Documents\ws_ftp\backup\main.ed\ispplib\HSMSADD <-- ED01a09 'D.SYSTEM.A09.PANEL' HSMSADD
117.05.16 12:11 A C:\Users\МакаренкоАА\Documents\ws_ftp\backup\main.ed\ispplib\HSMSOPER <-- ED01a09 'D.SYSTEM.A09.PANEL' HSMSOPER
117.05.16 12:11 A C:\Users\МакаренкоАА\Documents\ws_ftp\backup\main.ed\ispplib\HSMSTAT <-- ED01a09 'D.SYSTEM.A09.PANEL' HSMSTAT
117.05.16 12:11 A C:\Users\МакаренкоАА\Documents\ws_ftp\backup\main.ed\ispplib\HSMSVOL <-- ED01a09 'D.SYSTEM.A09.PANEL' HSMSVOL
117.05.16 12:11 A C:\Users\МакаренкоАА\Documents\ws_ftp\backup\main.ed\ispplib\PANEL0 <-- ED01a09 'D.SYSTEM.A09.PANEL' PANEL0
117.05.16 12:11 A C:\Users\МакаренкоАА\Documents\ws_ftp\backup\main.ed\ispplib\PANEL01 <-- ED01a09 'D.SYSTEM.A09.PANEL' PANEL01
117.05.16 12:11 A C:\Users\МакаренкоАА\Documents\ws_ftp\backup\main.ed\ispplib\PANEL1    <-- ED01a09 'D.SYSTEM.A09.PANEL' PANEL1   
117.05.16 12:11 A C:\Users\МакаренкоАА\Documents\ws_ftp\backup\main.ed\ispplib\PANEL2 <-- ED01a09 'D.SYSTEM.A09.PANEL' PANEL2
117.05.16 12:11 A C:\Users\МакаренкоАА\Documents\ws_ftp\backup\main.ed\ispplib\PANTEST <-- ED01a09 'D.SYSTEM.A09.PANEL' PANTEST
117.05.16 12:11 A C:\Users\МакаренкоАА\Documents\ws_ftp\backup\main.ed\ispplib\SCTHELP <-- ED01a09 'D.SYSTEM.A09.PANEL' SCTHELP
117.05.16 12:11 A C:\Users\МакаренкоАА\Documents\ws_ftp\backup\main.ed\ispplib\SMSADD    <-- ED01a09 'D.SYSTEM.A09.PANEL' SMSADD   
117.05.16 12:11 A C:\Users\МакаренкоАА\Documents\ws_ftp\backup\main.ed\ispplib\SMSADDB <-- ED01a09 'D.SYSTEM.A09.PANEL' SMSADDB
117.05.16 12:11 A C:\Users\МакаренкоАА\Documents\ws_ftp\backup\main.ed\ispplib\SMSD <-- ED01a09 'D.SYSTEM.A09.PANEL' SMSD
117.05.16 12:11 A C:\Users\МакаренкоАА\Documents\ws_ftp\backup\main.ed\ispplib\SMSOPER <-- ED01a09 'D.SYSTEM.A09.PANEL' SMSOPER
117.05.16 12:11 A C:\Users\МакаренкоАА\Documents\ws_ftp\backup\main.ed\ispplib\SMSTAT    <-- ED01a09 'D.SYSTEM.A09.PANEL' SMSTAT   
117.05.16 12:11 A C:\Users\МакаренкоАА\Documents\ws_ftp\backup\main.ed\ispplib\SMSTATB <-- ED01a09 'D.SYSTEM.A09.PANEL' SMSTATB
117.05.16 12:11 A C:\Users\МакаренкоАА\Documents\ws_ftp\backup\main.ed\ispplib\SMSTATBV <-- ED01a09 'D.SYSTEM.A09.PANEL' SMSTATBV
117.05.16 12:11 A C:\Users\МакаренкоАА\Documents\ws_ftp\backup\main.ed\ispplib\SMSTATC <-- ED01a09 'D.SYSTEM.A09.PANEL' SMSTATC
117.05.16 12:11 A C:\Users\МакаренкоАА\Documents\ws_ftp\backup\main.ed\ispplib\SMSTATD <-- ED01a09 'D.SYSTEM.A09.PANEL' SMSTATD
117.05.16 12:11 A C:\Users\МакаренкоАА\Documents\ws_ftp\backup\main.ed\ispplib\SMSTATE <-- ED01a09 'D.SYSTEM.A09.PANEL' SMSTATE
117.05.16 12:11 A C:\Users\МакаренкоАА\Documents\ws_ftp\backup\main.ed\ispplib\SMSTATF <-- ED01a09 'D.SYSTEM.A09.PANEL' SMSTATF
117.05.16 12:11 A C:\Users\МакаренкоАА\Documents\ws_ftp\backup\main.ed\ispplib\SMSVOL    <-- ED01a09 'D.SYSTEM.A09.PANEL' SMSVOL   
117.05.16 12:11 A C:\Users\МакаренкоАА\Documents\ws_ftp\backup\main.ed\ispplib\TBLXMPL <-- ED01a09 'D.SYSTEM.A09.PANEL' TBLXMPL
