117.04.19 15:01 A C:\Users\МакаренкоАА\Documents\ws_ftp\backup\main.ed\tsoclib\ALLCJCL# <-- ED01a09 'ED.TSOCLIB' ALLCJCL#
117.04.19 15:01 A C:\Users\МакаренкоАА\Documents\ws_ftp\backup\main.ed\tsoclib\CHKALLC# <-- ED01a09 'ED.TSOCLIB' CHKALLC#
117.04.19 15:01 A C:\Users\МакаренкоАА\Documents\ws_ftp\backup\main.ed\tsoclib\CHKENB# <-- ED01a09 'ED.TSOCLIB' CHKENB#
117.04.19 15:01 A C:\Users\МакаренкоАА\Documents\ws_ftp\backup\main.ed\tsoclib\CHKENB## <-- ED01a09 'ED.TSOCLIB' CHKENB##
117.04.19 15:01 A C:\Users\МакаренкоАА\Documents\ws_ftp\backup\main.ed\tsoclib\CHKQSC# <-- ED01a09 'ED.TSOCLIB' CHKQSC#
117.04.19 15:01 A C:\Users\МакаренкоАА\Documents\ws_ftp\backup\main.ed\tsoclib\CHKVOL# <-- ED01a09 'ED.TSOCLIB' CHKVOL#
117.04.19 15:01 A C:\Users\МакаренкоАА\Documents\ws_ftp\backup\main.ed\tsoclib\CHKVOL2# <-- ED01a09 'ED.TSOCLIB' CHKVOL2#
117.04.19 15:01 A C:\Users\МакаренкоАА\Documents\ws_ftp\backup\main.ed\tsoclib\CONSO#    <-- ED01a09 'ED.TSOCLIB' CONSO#   
117.04.19 15:01 A C:\Users\МакаренкоАА\Documents\ws_ftp\backup\main.ed\tsoclib\DIP#      <-- ED01a09 'ED.TSOCLIB' DIP#     
117.04.19 15:01 A C:\Users\МакаренкоАА\Documents\ws_ftp\backup\main.ed\tsoclib\FADDR#    <-- ED01a09 'ED.TSOCLIB' FADDR#   
117.04.19 15:01 A C:\Users\МакаренкоАА\Documents\ws_ftp\backup\main.ed\tsoclib\FVOL#     <-- ED01a09 'ED.TSOCLIB' FVOL#    
117.04.19 15:01 A C:\Users\МакаренкоАА\Documents\ws_ftp\backup\main.ed\tsoclib\FVOL##    <-- ED01a09 'ED.TSOCLIB' FVOL##   
117.04.19 15:01 A C:\Users\МакаренкоАА\Documents\ws_ftp\backup\main.ed\tsoclib\INIT#     <-- ED01a09 'ED.TSOCLIB' INIT#    
117.04.19 15:01 A C:\Users\МакаренкоАА\Documents\ws_ftp\backup\main.ed\tsoclib\JCLCPY# <-- ED01a09 'ED.TSOCLIB' JCLCPY#
117.04.19 15:01 A C:\Users\МакаренкоАА\Documents\ws_ftp\backup\main.ed\tsoclib\REFOR#    <-- ED01a09 'ED.TSOCLIB' REFOR#   
117.04.19 15:01 A C:\Users\МакаренкоАА\Documents\ws_ftp\backup\main.ed\tsoclib\SMSOPER <-- ED01a09 'ED.TSOCLIB' SMSOPER
117.04.19 15:01 A C:\Users\МакаренкоАА\Documents\ws_ftp\backup\main.ed\tsoclib\VDSKLST# <-- ED01a09 'ED.TSOCLIB' VDSKLST#
117.04.19 15:01 A C:\Users\МакаренкоАА\Documents\ws_ftp\backup\main.ed\tsoclib\VOLSTAT# <-- ED01a09 'ED.TSOCLIB' VOLSTAT#
117.05.16 09:54 A C:\Users\МакаренкоАА\Documents\ws_ftp\backup\main.ed\tsoclib\ALLCJCL# <-- ED01a09 'ED.TSOCLIB' ALLCJCL#
117.05.16 09:54 A C:\Users\МакаренкоАА\Documents\ws_ftp\backup\main.ed\tsoclib\CHKALLC# <-- ED01a09 'ED.TSOCLIB' CHKALLC#
117.05.16 09:54 A C:\Users\МакаренкоАА\Documents\ws_ftp\backup\main.ed\tsoclib\CHKENB# <-- ED01a09 'ED.TSOCLIB' CHKENB#
117.05.16 09:54 A C:\Users\МакаренкоАА\Documents\ws_ftp\backup\main.ed\tsoclib\CHKENB## <-- ED01a09 'ED.TSOCLIB' CHKENB##
117.05.16 09:54 A C:\Users\МакаренкоАА\Documents\ws_ftp\backup\main.ed\tsoclib\CHKQSC# <-- ED01a09 'ED.TSOCLIB' CHKQSC#
117.05.16 09:54 A C:\Users\МакаренкоАА\Documents\ws_ftp\backup\main.ed\tsoclib\CHKVOL# <-- ED01a09 'ED.TSOCLIB' CHKVOL#
117.05.16 09:54 A C:\Users\МакаренкоАА\Documents\ws_ftp\backup\main.ed\tsoclib\CHKVOL2# <-- ED01a09 'ED.TSOCLIB' CHKVOL2#
117.05.16 09:54 A C:\Users\МакаренкоАА\Documents\ws_ftp\backup\main.ed\tsoclib\CONSO#    <-- ED01a09 'ED.TSOCLIB' CONSO#   
117.05.16 09:54 A C:\Users\МакаренкоАА\Documents\ws_ftp\backup\main.ed\tsoclib\FADDR#    <-- ED01a09 'ED.TSOCLIB' FADDR#   
117.05.16 09:54 A C:\Users\МакаренкоАА\Documents\ws_ftp\backup\main.ed\tsoclib\FVOL#     <-- ED01a09 'ED.TSOCLIB' FVOL#    
117.05.16 09:54 A C:\Users\МакаренкоАА\Documents\ws_ftp\backup\main.ed\tsoclib\FVOL##    <-- ED01a09 'ED.TSOCLIB' FVOL##   
117.05.16 09:54 A C:\Users\МакаренкоАА\Documents\ws_ftp\backup\main.ed\tsoclib\INIT#     <-- ED01a09 'ED.TSOCLIB' INIT#    
117.05.16 09:54 A C:\Users\МакаренкоАА\Documents\ws_ftp\backup\main.ed\tsoclib\JCLCPY# <-- ED01a09 'ED.TSOCLIB' JCLCPY#
117.05.16 09:54 A C:\Users\МакаренкоАА\Documents\ws_ftp\backup\main.ed\tsoclib\REFOR#    <-- ED01a09 'ED.TSOCLIB' REFOR#   
117.05.16 09:54 A C:\Users\МакаренкоАА\Documents\ws_ftp\backup\main.ed\tsoclib\SMSLOG# <-- ED01a09 'ED.TSOCLIB' SMSLOG#
117.05.16 09:54 A C:\Users\МакаренкоАА\Documents\ws_ftp\backup\main.ed\tsoclib\SMSOPER <-- ED01a09 'ED.TSOCLIB' SMSOPER
117.05.16 09:54 A C:\Users\МакаренкоАА\Documents\ws_ftp\backup\main.ed\tsoclib\VDSKLST# <-- ED01a09 'ED.TSOCLIB' VDSKLST#
117.05.16 09:54 A C:\Users\МакаренкоАА\Documents\ws_ftp\backup\main.ed\tsoclib\VOLSTAT# <-- ED01a09 'ED.TSOCLIB' VOLSTAT#
